> Task :checkKotlinGradlePluginConfigurationErrors
> Task :processResources UP-TO-DATE

> Task :compileKotlin
e: file:///Users/learnwithcosmos/repos/landing-page-builder/src/main/kotlin/com/example/landingpagebuilder/exception/PageExceptions.kt:3:7 Redeclaration: PageNotFoundException
e: file:///Users/learnwithcosmos/repos/landing-page-builder/src/main/kotlin/com/example/landingpagebuilder/exception/TenantExceptions.kt:63:7 Redeclaration: PageNotFoundException

> Task :compileKotlin FAILED

[Incubating] Problems report is available at: file:///Users/learnwithcosmos/repos/landing-page-builder/build/reports/problems/problems-report.html

FAILURE: Build failed with an exception.

* What went wrong:
Execution failed for task ':compileKotlin'.
> A failure occurred while executing org.jetbrains.kotlin.compilerRunner.GradleCompilerRunnerWithWorkers$GradleKotlinCompilerWorkAction
   > Compilation error. See log for more details

* Try:
> Run with --stacktrace option to get the stack trace.
> Run with --info or --debug option to get more log output.
> Run with --scan to get full insights.
> Get more help at https://help.gradle.org.

Deprecated Gradle features were used in this build, making it incompatible with Gradle 9.0.

You can use '--warning-mode all' to show the individual deprecation warnings and determine if they come from your own scripts or plugins.

For more on this, please refer to https://docs.gradle.org/8.14.3/userguide/command_line_interface.html#sec:command_line_warnings in the Gradle documentation.

BUILD FAILED in 5s
3 actionable tasks: 2 executed, 1 up-to-date
